# JRE version: OpenJDK Runtime Environment Temurin-21.0.6+7 (21.0.6+7) (build 21.0.6+7-LTS)
# Java VM: OpenJDK 64-Bit Server VM Temurin-21.0.6+7 (21.0.6+7-LTS, mixed mode, sharing, tiered, compressed oops, compressed class ptrs, parallel gc, windows-amd64)
GC Precious Log:
 CardTable entry size: 512
 CPUs: 16 total, 16 available
 Memory: 7599M
 Large Page Support: Disabled
 NUMA Support: Disabled
 Compressed Oops: Enabled (32-bit)
 Alignments: Space 512K, Generation 512K, Heap 2M
 Heap Min Capacity: 100M
 Heap Initial Capacity: 100M
 Heap Max Capacity: 1G
 Pre-touch: Disabled
 Parallel Workers: 13
Heap:
 PSYoungGen      total 1536K, used 1003K [0x00000000eab00000, 0x00000000eae00000, 0x0000000100000000)
  eden space 1024K, 69% used [0x00000000eab00000,0x00000000eabb2fc8,0x00000000eac00000)
  from space 512K, 56% used [0x00000000ead80000,0x00000000eadc8000,0x00000000eae00000)
  to   space 512K, 0% used [0x00000000ead00000,0x00000000ead00000,0x00000000ead80000)
 ParOldGen       total 92160K, used 91989K [0x00000000c0000000, 0x00000000c5a00000, 0x00000000eab00000)
  object space 92160K, 99% used [0x00000000c0000000,0x00000000c59d5650,0x00000000c5a00000)
 Metaspace       used 64239K, committed 65600K, reserved 1114112K
  class space    used 6599K, committed 7168K, reserved 1048576K
GC Heap History (20 events):
Event: 143.436 GC heap before
{Heap before GC invocations=76 (full 3):
 PSYoungGen      total 1536K, used 1344K [0x00000000eab00000, 0x00000000eae00000, 0x0000000100000000)
  eden space 1024K, 100% used [0x00000000eab00000,0x00000000eac00000,0x00000000eac00000)
  from space 512K, 62% used [0x00000000ead80000,0x00000000eadd0000,0x00000000eae00000)
  to   space 512K, 0% used [0x00000000ead00000,0x00000000ead00000,0x00000000ead80000)
 ParOldGen       total 90624K, used 90291K [0x00000000c0000000, 0x00000000c5880000, 0x00000000eab00000)
  object space 90624K, 99% used [0x00000000c0000000,0x00000000c582cd20,0x00000000c5880000)
 Metaspace       used 64213K, committed 65536K, reserved 1114112K
  class space    used 6598K, committed 7168K, reserved 1048576K
}
Event: 143.437 GC heap after
{Heap after GC invocations=76 (full 3):
 PSYoungGen      total 1536K, used 480K [0x00000000eab00000, 0x00000000eae00000, 0x0000000100000000)
  eden space 1024K, 0% used [0x00000000eab00000,0x00000000eab00000,0x00000000eac00000)
  from space 512K, 93% used [0x00000000ead00000,0x00000000ead78020,0x00000000ead80000)
  to   space 512K, 0% used [0x00000000ead80000,0x00000000ead80000,0x00000000eae00000)
 ParOldGen       total 90624K, used 90425K [0x00000000c0000000, 0x00000000c5880000, 0x00000000eab00000)
  object space 90624K, 99% used [0x00000000c0000000,0x00000000c584e770,0x00000000c5880000)
 Metaspace       used 64213K, committed 65536K, reserved 1114112K
  class space    used 6598K, committed 7168K, reserved 1048576K
}
Event: 143.442 GC heap before
{Heap before GC invocations=77 (full 3):
 PSYoungGen      total 1536K, used 1504K [0x00000000eab00000, 0x00000000eae00000, 0x0000000100000000)
  eden space 1024K, 99% used [0x00000000eab00000,0x00000000eabfffe0,0x00000000eac00000)
  from space 512K, 93% used [0x00000000ead00000,0x00000000ead78020,0x00000000ead80000)
  to   space 512K, 0% used [0x00000000ead80000,0x00000000ead80000,0x00000000eae00000)
 ParOldGen       total 90624K, used 90425K [0x00000000c0000000, 0x00000000c5880000, 0x00000000eab00000)
  object space 90624K, 99% used [0x00000000c0000000,0x00000000c584e770,0x00000000c5880000)
 Metaspace       used 64216K, committed 65536K, reserved 1114112K
  class space    used 6598K, committed 7168K, reserved 1048576K
}
Event: 143.443 GC heap after
{Heap after GC invocations=77 (full 3):
 PSYoungGen      total 1536K, used 432K [0x00000000eab00000, 0x00000000eae00000, 0x0000000100000000)
  eden space 1024K, 0% used [0x00000000eab00000,0x00000000eab00000,0x00000000eac00000)
  from space 512K, 84% used [0x00000000ead80000,0x00000000eadec010,0x00000000eae00000)
  to   space 512K, 0% used [0x00000000ead00000,0x00000000ead00000,0x00000000ead80000)
 ParOldGen       total 91136K, used 90721K [0x00000000c0000000, 0x00000000c5900000, 0x00000000eab00000)
  object space 91136K, 99% used [0x00000000c0000000,0x00000000c5898770,0x00000000c5900000)
 Metaspace       used 64216K, committed 65536K, reserved 1114112K
  class space    used 6598K, committed 7168K, reserved 1048576K
}
Event: 143.453 GC heap before
{Heap before GC invocations=78 (full 3):
 PSYoungGen      total 1536K, used 1456K [0x00000000eab00000, 0x00000000eae00000, 0x0000000100000000)
  eden space 1024K, 100% used [0x00000000eab00000,0x00000000eac00000,0x00000000eac00000)
  from space 512K, 84% used [0x00000000ead80000,0x00000000eadec010,0x00000000eae00000)
  to   space 512K, 0% used [0x00000000ead00000,0x00000000ead00000,0x00000000ead80000)
 ParOldGen       total 91136K, used 90721K [0x00000000c0000000, 0x00000000c5900000, 0x00000000eab00000)
  object space 91136K, 99% used [0x00000000c0000000,0x00000000c5898770,0x00000000c5900000)
 Metaspace       used 64219K, committed 65536K, reserved 1114112K
  class space    used 6598K, committed 7168K, reserved 1048576K
}
Event: 143.455 GC heap after
{Heap after GC invocations=78 (full 3):
 PSYoungGen      total 1536K, used 480K [0x00000000eab00000, 0x00000000eae00000, 0x0000000100000000)
  eden space 1024K, 0% used [0x00000000eab00000,0x00000000eab00000,0x00000000eac00000)
  from space 512K, 93% used [0x00000000ead00000,0x00000000ead78000,0x00000000ead80000)
  to   space 512K, 0% used [0x00000000ead80000,0x00000000ead80000,0x00000000eae00000)
 ParOldGen       total 91136K, used 90848K [0x00000000c0000000, 0x00000000c5900000, 0x00000000eab00000)
  object space 91136K, 99% used [0x00000000c0000000,0x00000000c58b81b0,0x00000000c5900000)
 Metaspace       used 64219K, committed 65536K, reserved 1114112K
  class space    used 6598K, committed 7168K, reserved 1048576K
}
Event: 143.893 GC heap before
{Heap before GC invocations=79 (full 3):
 PSYoungGen      total 1536K, used 1504K [0x00000000eab00000, 0x00000000eae00000, 0x0000000100000000)
  eden space 1024K, 100% used [0x00000000eab00000,0x00000000eac00000,0x00000000eac00000)
  from space 512K, 93% used [0x00000000ead00000,0x00000000ead78000,0x00000000ead80000)
  to   space 512K, 0% used [0x00000000ead80000,0x00000000ead80000,0x00000000eae00000)
 ParOldGen       total 91136K, used 90848K [0x00000000c0000000, 0x00000000c5900000, 0x00000000eab00000)
  object space 91136K, 99% used [0x00000000c0000000,0x00000000c58b81b0,0x00000000c5900000)
 Metaspace       used 64222K, committed 65536K, reserved 1114112K
  class space    used 6598K, committed 7168K, reserved 1048576K
}
Event: 143.894 GC heap after
{Heap after GC invocations=79 (full 3):
 PSYoungGen      total 1536K, used 352K [0x00000000eab00000, 0x00000000eae00000, 0x0000000100000000)
  eden space 1024K, 0% used [0x00000000eab00000,0x00000000eab00000,0x00000000eac00000)
  from space 512K, 68% used [0x00000000ead80000,0x00000000eadd8000,0x00000000eae00000)
  to   space 512K, 0% used [0x00000000ead00000,0x00000000ead00000,0x00000000ead80000)
 ParOldGen       total 91648K, used 91264K [0x00000000c0000000, 0x00000000c5980000, 0x00000000eab00000)
  object space 91648K, 99% used [0x00000000c0000000,0x00000000c59201c0,0x00000000c5980000)
 Metaspace       used 64222K, committed 65536K, reserved 1114112K
  class space    used 6598K, committed 7168K, reserved 1048576K
}
Event: 143.901 GC heap before
{Heap before GC invocations=80 (full 3):
 PSYoungGen      total 1536K, used 1376K [0x00000000eab00000, 0x00000000eae00000, 0x0000000100000000)
  eden space 1024K, 100% used [0x00000000eab00000,0x00000000eac00000,0x00000000eac00000)
  from space 512K, 68% used [0x00000000ead80000,0x00000000eadd8000,0x00000000eae00000)
  to   space 512K, 0% used [0x00000000ead00000,0x00000000ead00000,0x00000000ead80000)
 ParOldGen       total 91648K, used 91264K [0x00000000c0000000, 0x00000000c5980000, 0x00000000eab00000)
  object space 91648K, 99% used [0x00000000c0000000,0x00000000c59201c0,0x00000000c5980000)
 Metaspace       used 64222K, committed 65536K, reserved 1114112K
  class space    used 6598K, committed 7168K, reserved 1048576K
}
Event: 143.902 GC heap after
{Heap after GC invocations=80 (full 3):
 PSYoungGen      total 1536K, used 416K [0x00000000eab00000, 0x00000000eae00000, 0x0000000100000000)
  eden space 1024K, 0% used [0x00000000eab00000,0x00000000eab00000,0x00000000eac00000)
  from space 512K, 81% used [0x00000000ead00000,0x00000000ead68000,0x00000000ead80000)
  to   space 512K, 0% used [0x00000000ead80000,0x00000000ead80000,0x00000000eae00000)
 ParOldGen       total 91648K, used 91368K [0x00000000c0000000, 0x00000000c5980000, 0x00000000eab00000)
  object space 91648K, 99% used [0x00000000c0000000,0x00000000c593a1c0,0x00000000c5980000)
 Metaspace       used 64222K, committed 65536K, reserved 1114112K
  class space    used 6598K, committed 7168K, reserved 1048576K
}
Event: 143.912 GC heap before
{Heap before GC invocations=81 (full 3):
 PSYoungGen      total 1536K, used 1440K [0x00000000eab00000, 0x00000000eae00000, 0x0000000100000000)
  eden space 1024K, 100% used [0x00000000eab00000,0x00000000eac00000,0x00000000eac00000)
  from space 512K, 81% used [0x00000000ead00000,0x00000000ead68000,0x00000000ead80000)
  to   space 512K, 0% used [0x00000000ead80000,0x00000000ead80000,0x00000000eae00000)
 ParOldGen       total 91648K, used 91368K [0x00000000c0000000, 0x00000000c5980000, 0x00000000eab00000)
  object space 91648K, 99% used [0x00000000c0000000,0x00000000c593a1c0,0x00000000c5980000)
 Metaspace       used 64222K, committed 65536K, reserved 1114112K
  class space    used 6598K, committed 7168K, reserved 1048576K
}
Event: 143.914 GC heap after
{Heap after GC invocations=81 (full 3):
 PSYoungGen      total 1536K, used 480K [0x00000000eab00000, 0x00000000eae00000, 0x0000000100000000)
  eden space 1024K, 0% used [0x00000000eab00000,0x00000000eab00000,0x00000000eac00000)
  from space 512K, 93% used [0x00000000ead80000,0x00000000eadf8000,0x00000000eae00000)
  to   space 512K, 0% used [0x00000000ead00000,0x00000000ead00000,0x00000000ead80000)
 ParOldGen       total 91648K, used 91589K [0x00000000c0000000, 0x00000000c5980000, 0x00000000eab00000)
  object space 91648K, 99% used [0x00000000c0000000,0x00000000c5971650,0x00000000c5980000)
 Metaspace       used 64222K, committed 65536K, reserved 1114112K
  class space    used 6598K, committed 7168K, reserved 1048576K
}
Event: 143.923 GC heap before
{Heap before GC invocations=82 (full 3):
 PSYoungGen      total 1536K, used 1490K [0x00000000eab00000, 0x00000000eae00000, 0x0000000100000000)
  eden space 1024K, 98% used [0x00000000eab00000,0x00000000eabfc988,0x00000000eac00000)
  from space 512K, 93% used [0x00000000ead80000,0x00000000eadf8000,0x00000000eae00000)
  to   space 512K, 0% used [0x00000000ead00000,0x00000000ead00000,0x00000000ead80000)
 ParOldGen       total 91648K, used 91589K [0x00000000c0000000, 0x00000000c5980000, 0x00000000eab00000)
  object space 91648K, 99% used [0x00000000c0000000,0x00000000c5971650,0x00000000c5980000)
 Metaspace       used 64230K, committed 65600K, reserved 1114112K
  class space    used 6599K, committed 7168K, reserved 1048576K
}
Event: 143.924 GC heap after
{Heap after GC invocations=82 (full 3):
 PSYoungGen      total 1536K, used 352K [0x00000000eab00000, 0x00000000eae00000, 0x0000000100000000)
  eden space 1024K, 0% used [0x00000000eab00000,0x00000000eab00000,0x00000000eac00000)
  from space 512K, 68% used [0x00000000ead00000,0x00000000ead58000,0x00000000ead80000)
  to   space 512K, 0% used [0x00000000ead80000,0x00000000ead80000,0x00000000eae00000)
 ParOldGen       total 92160K, used 91797K [0x00000000c0000000, 0x00000000c5a00000, 0x00000000eab00000)
  object space 92160K, 99% used [0x00000000c0000000,0x00000000c59a5650,0x00000000c5a00000)
 Metaspace       used 64230K, committed 65600K, reserved 1114112K
  class space    used 6599K, committed 7168K, reserved 1048576K
}
Event: 143.930 GC heap before
{Heap before GC invocations=83 (full 3):
 PSYoungGen      total 1536K, used 1376K [0x00000000eab00000, 0x00000000eae00000, 0x0000000100000000)
  eden space 1024K, 100% used [0x00000000eab00000,0x00000000eac00000,0x00000000eac00000)
  from space 512K, 68% used [0x00000000ead00000,0x00000000ead58000,0x00000000ead80000)
  to   space 512K, 0% used [0x00000000ead80000,0x00000000ead80000,0x00000000eae00000)
 ParOldGen       total 92160K, used 91797K [0x00000000c0000000, 0x00000000c5a00000, 0x00000000eab00000)
  object space 92160K, 99% used [0x00000000c0000000,0x00000000c59a5650,0x00000000c5a00000)
 Metaspace       used 64230K, committed 65600K, reserved 1114112K
  class space    used 6599K, committed 7168K, reserved 1048576K
}
Event: 143.931 GC heap after
{Heap after GC invocations=83 (full 3):
 PSYoungGen      total 1536K, used 432K [0x00000000eab00000, 0x00000000eae00000, 0x0000000100000000)
  eden space 1024K, 0% used [0x00000000eab00000,0x00000000eab00000,0x00000000eac00000)
  from space 512K, 84% used [0x00000000ead80000,0x00000000eadec010,0x00000000eae00000)
  to   space 512K, 0% used [0x00000000ead00000,0x00000000ead00000,0x00000000ead80000)
 ParOldGen       total 92160K, used 91877K [0x00000000c0000000, 0x00000000c5a00000, 0x00000000eab00000)
  object space 92160K, 99% used [0x00000000c0000000,0x00000000c59b9650,0x00000000c5a00000)
 Metaspace       used 64230K, committed 65600K, reserved 1114112K
  class space    used 6599K, committed 7168K, reserved 1048576K
}
Event: 144.013 GC heap before
{Heap before GC invocations=84 (full 3):
 PSYoungGen      total 1536K, used 1456K [0x00000000eab00000, 0x00000000eae00000, 0x0000000100000000)
  eden space 1024K, 99% used [0x00000000eab00000,0x00000000eabffff8,0x00000000eac00000)
  from space 512K, 84% used [0x00000000ead80000,0x00000000eadec010,0x00000000eae00000)
  to   space 512K, 0% used [0x00000000ead00000,0x00000000ead00000,0x00000000ead80000)
 ParOldGen       total 92160K, used 91877K [0x00000000c0000000, 0x00000000c5a00000, 0x00000000eab00000)
  object space 92160K, 99% used [0x00000000c0000000,0x00000000c59b9650,0x00000000c5a00000)
 Metaspace       used 64239K, committed 65600K, reserved 1114112K
  class space    used 6599K, committed 7168K, reserved 1048576K
}
Event: 144.014 GC heap after
{Heap after GC invocations=84 (full 3):
 PSYoungGen      total 1536K, used 320K [0x00000000eab00000, 0x00000000eae00000, 0x0000000100000000)
  eden space 1024K, 0% used [0x00000000eab00000,0x00000000eab00000,0x00000000eac00000)
  from space 512K, 62% used [0x00000000ead00000,0x00000000ead50000,0x00000000ead80000)
  to   space 512K, 0% used [0x00000000ead80000,0x00000000ead80000,0x00000000eae00000)
 ParOldGen       total 92160K, used 91893K [0x00000000c0000000, 0x00000000c5a00000, 0x00000000eab00000)
  object space 92160K, 99% used [0x00000000c0000000,0x00000000c59bd650,0x00000000c5a00000)
 Metaspace       used 64239K, committed 65600K, reserved 1114112K
  class space    used 6599K, committed 7168K, reserved 1048576K
}
Event: 144.019 GC heap before
{Heap before GC invocations=85 (full 3):
 PSYoungGen      total 1536K, used 1343K [0x00000000eab00000, 0x00000000eae00000, 0x0000000100000000)
  eden space 1024K, 99% used [0x00000000eab00000,0x00000000eabfffb8,0x00000000eac00000)
  from space 512K, 62% used [0x00000000ead00000,0x00000000ead50000,0x00000000ead80000)
  to   space 512K, 0% used [0x00000000ead80000,0x00000000ead80000,0x00000000eae00000)
 ParOldGen       total 92160K, used 91893K [0x00000000c0000000, 0x00000000c5a00000, 0x00000000eab00000)
  object space 92160K, 99% used [0x00000000c0000000,0x00000000c59bd650,0x00000000c5a00000)
 Metaspace       used 64239K, committed 65600K, reserved 1114112K
  class space    used 6599K, committed 7168K, reserved 1048576K
}
Event: 144.020 GC heap after
{Heap after GC invocations=85 (full 3):
 PSYoungGen      total 1536K, used 288K [0x00000000eab00000, 0x00000000eae00000, 0x0000000100000000)
  eden space 1024K, 0% used [0x00000000eab00000,0x00000000eab00000,0x00000000eac00000)
  from space 512K, 56% used [0x00000000ead80000,0x00000000eadc8000,0x00000000eae00000)
  to   space 512K, 0% used [0x00000000ead00000,0x00000000ead00000,0x00000000ead80000)
 ParOldGen       total 92160K, used 91989K [0x00000000c0000000, 0x00000000c5a00000, 0x00000000eab00000)
  object space 92160K, 99% used [0x00000000c0000000,0x00000000c59d5650,0x00000000c5a00000)
 Metaspace       used 64239K, committed 65600K, reserved 1114112K
  class space    used 6599K, committed 7168K, reserved 1048576K
}

